2025-04-06 23:22:53,725 - config.logging_config - INFO - Starting Bolsover District Council application
2025-04-06 23:23:47,074 - config.logging_config - INFO - Starting Bolsover District Council application
2025-04-06 23:24:21,983 - config.logging_config - INFO - Starting Bolsover District Council application
2025-04-06 23:24:24,094 - config.logging_config - INFO - Starting Bolsover District Council application
2025-04-06 23:26:20,875 - config.logging_config - INFO - Starting Bolsover District Council application
2025-04-06 23:26:28,702 - config.logging_config - INFO - Starting Bolsover District Council application
2025-04-06 23:26:31,514 - config.logging_config - INFO - Starting Bolsover District Council application
2025-04-06 23:32:34,209 - config.logging_config - INFO - Starting Bolsover District Council application
2025-04-06 23:32:35,745 - config.logging_config - INFO - Starting Bolsover District Council application
2025-04-06 23:32:36,389 - config.logging_config - INFO - Starting Bolsover District Council application
2025-04-06 23:34:15,242 - models.sentiment - INFO - Analyzed sentiment: POSITIVE (confidence: 1.00)
2025-04-06 23:40:21,601 - config.logging_config - INFO - Starting Bolsover District Council application
2025-04-06 23:40:34,282 - config.logging_config - INFO - Starting Bolsover District Council application
2025-04-06 23:40:41,392 - config.logging_config - INFO - Starting Bolsover District Council application
2025-04-06 23:40:45,175 - config.logging_config - INFO - Starting Bolsover District Council application
2025-04-06 23:40:48,657 - config.logging_config - INFO - Starting Bolsover District Council application
2025-04-06 23:40:52,951 - config.logging_config - INFO - Starting Bolsover District Council application
2025-04-06 23:40:54,083 - config.logging_config - INFO - Starting Bolsover District Council application
2025-04-06 23:40:54,954 - config.logging_config - INFO - Starting Bolsover District Council application
2025-04-06 23:40:54,988 - models.classification - INFO - Starting document classification
2025-04-06 23:41:04,361 - models.classification - INFO - Document classified as: Local Problem
2025-04-06 23:41:25,591 - models.sentiment - INFO - Analyzed sentiment: POSITIVE (confidence: 1.00)
2025-04-06 23:54:15,189 - config.logging_config - INFO - Starting Bolsover District Council application
2025-04-06 23:54:32,234 - config.logging_config - INFO - Starting Bolsover District Council application
2025-04-06 23:55:18,512 - config.logging_config - INFO - Starting Bolsover District Council application
2025-04-06 23:55:23,391 - config.logging_config - INFO - Starting Bolsover District Council application
2025-04-06 23:55:24,074 - config.logging_config - INFO - Starting Bolsover District Council application
2025-04-06 23:55:24,882 - config.logging_config - INFO - Starting Bolsover District Council application
2025-04-06 23:55:24,925 - models.classification - INFO - Starting document classification
2025-04-06 23:55:24,927 - models.load_models - INFO - Loading Zero-Shot Classifier model
2025-04-06 23:55:27,318 - models.load_models - INFO - Zero-Shot Classifier model loaded successfully
2025-04-06 23:55:36,885 - models.classification - INFO - Document classified as: Local Problem
2025-04-06 23:55:36,889 - models.load_models - INFO - Loading Abstractive Summarizer model
2025-04-06 23:55:43,973 - models.load_models - INFO - Abstractive Summarizer model loaded successfully
2025-04-06 23:55:54,044 - models.load_models - INFO - Loading Sentiment Analysis model
2025-04-06 23:55:54,471 - models.load_models - INFO - Sentiment Analysis model loaded successfully
2025-04-06 23:55:55,311 - models.sentiment - INFO - Analyzed sentiment: POSITIVE (confidence: 1.00)
